{"C:\\Users\\Alberto Gutierrez\\Documents\\programming\\courses\\rest_api_node_ts_server\\src\\router.ts": {"path":"C:\\Users\\Alberto Gutierrez\\Documents\\programming\\courses\\rest_api_node_ts_server\\src\\router.ts","statementMap":{"0":{"start":{"line":1,"column":0},"end":{"line":1,"column":42}},"1":{"start":{"line":2,"column":0},"end":{"line":2,"column":130}},"2":{"start":{"line":3,"column":0},"end":{"line":3,"column":48}},"3":{"start":{"line":4,"column":0},"end":{"line":4,"column":49}},"4":{"start":{"line":6,"column":24},"end":{"line":6,"column":32}},"5":{"start":{"line":9,"column":0},"end":{"line":9,"column":29}},"6":{"start":{"line":12,"column":0},"end":{"line":19,"column":2}},"7":{"start":{"line":22,"column":0},"end":{"line":36,"column":2}},"8":{"start":{"line":29,"column":22},"end":{"line":29,"column":32}},"9":{"start":{"line":29,"column":31},"end":{"line":29,"column":32}},"10":{"start":{"line":38,"column":0},"end":{"line":59,"column":2}},"11":{"start":{"line":49,"column":23},"end":{"line":49,"column":35}},"12":{"start":{"line":49,"column":34},"end":{"line":49,"column":35}},"13":{"start":{"line":61,"column":0},"end":{"line":68,"column":2}},"14":{"start":{"line":70,"column":0},"end":{"line":77,"column":2}},"15":{"start":{"line":79,"column":0},"end":{"line":79,"column":22}}},"fnMap":{"0":{"name":"(anonymous_0)","decl":{"start":{"line":29,"column":13},"end":{"line":29,"column":18}},"loc":{"start":{"line":29,"column":22},"end":{"line":29,"column":32}}},"1":{"name":"(anonymous_1)","decl":{"start":{"line":29,"column":22},"end":{"line":29,"column":27}},"loc":{"start":{"line":29,"column":31},"end":{"line":29,"column":32}}},"2":{"name":"(anonymous_2)","decl":{"start":{"line":49,"column":12},"end":{"line":49,"column":13}},"loc":{"start":{"line":49,"column":23},"end":{"line":49,"column":35}}},"3":{"name":"(anonymous_3)","decl":{"start":{"line":49,"column":23},"end":{"line":49,"column":24}},"loc":{"start":{"line":49,"column":34},"end":{"line":49,"column":35}}}},"branchMap":{},"s":{"0":2,"1":2,"2":2,"3":2,"4":2,"5":2,"6":2,"7":2,"8":4,"9":0,"10":2,"11":5,"12":0,"13":2,"14":2,"15":2},"f":{"0":4,"1":0,"2":5,"3":0},"b":{}}
,"C:\\Users\\Alberto Gutierrez\\Documents\\programming\\courses\\rest_api_node_ts_server\\src\\server.ts": {"path":"C:\\Users\\Alberto Gutierrez\\Documents\\programming\\courses\\rest_api_node_ts_server\\src\\server.ts","statementMap":{"0":{"start":{"line":7,"column":0},"end":{"line":7,"column":7}},"1":{"start":{"line":1,"column":0},"end":{"line":1,"column":30}},"2":{"start":{"line":2,"column":0},"end":{"line":2,"column":28}},"3":{"start":{"line":3,"column":0},"end":{"line":3,"column":30}},"4":{"start":{"line":4,"column":0},"end":{"line":4,"column":29}},"5":{"start":{"line":8,"column":4},"end":{"line":16,"column":5}},"6":{"start":{"line":9,"column":8},"end":{"line":9,"column":32}},"7":{"start":{"line":10,"column":8},"end":{"line":10,"column":18}},"8":{"start":{"line":15,"column":8},"end":{"line":15,"column":86}},"9":{"start":{"line":19,"column":0},"end":{"line":19,"column":10}},"10":{"start":{"line":22,"column":36},"end":{"line":22,"column":45}},"11":{"start":{"line":25,"column":0},"end":{"line":25,"column":27}},"12":{"start":{"line":27,"column":0},"end":{"line":27,"column":36}},"13":{"start":{"line":29,"column":0},"end":{"line":31,"column":null}},"14":{"start":{"line":30,"column":4},"end":{"line":30,"column":36}},"15":{"start":{"line":33,"column":0},"end":{"line":33,"column":22}}},"fnMap":{"0":{"name":"connect","decl":{"start":{"line":7,"column":22},"end":{"line":7,"column":29}},"loc":{"start":{"line":7,"column":29},"end":{"line":17,"column":1}}},"1":{"name":"(anonymous_2)","decl":{"start":{"line":29,"column":19},"end":{"line":29,"column":20}},"loc":{"start":{"line":29,"column":32},"end":{"line":31,"column":1}}}},"branchMap":{},"s":{"0":2,"1":2,"2":2,"3":2,"4":2,"5":3,"6":3,"7":2,"8":1,"9":2,"10":2,"11":2,"12":2,"13":2,"14":1,"15":2},"f":{"0":3,"1":1},"b":{}}
,"C:\\Users\\Alberto Gutierrez\\Documents\\programming\\courses\\rest_api_node_ts_server\\src\\config\\db.ts": {"path":"C:\\Users\\Alberto Gutierrez\\Documents\\programming\\courses\\rest_api_node_ts_server\\src\\config\\db.ts","statementMap":{"0":{"start":{"line":1,"column":0},"end":{"line":1,"column":49}},"1":{"start":{"line":2,"column":0},"end":{"line":2,"column":28}},"2":{"start":{"line":3,"column":0},"end":{"line":3,"column":16}},"3":{"start":{"line":5,"column":11},"end":{"line":8,"column":2}},"4":{"start":{"line":10,"column":0},"end":{"line":10,"column":18}}},"fnMap":{},"branchMap":{},"s":{"0":2,"1":2,"2":2,"3":2,"4":2},"f":{},"b":{}}
,"C:\\Users\\Alberto Gutierrez\\Documents\\programming\\courses\\rest_api_node_ts_server\\src\\handlers\\product.ts": {"path":"C:\\Users\\Alberto Gutierrez\\Documents\\programming\\courses\\rest_api_node_ts_server\\src\\handlers\\product.ts","statementMap":{"0":{"start":{"line":2,"column":0},"end":{"line":2,"column":28}},"1":{"start":{"line":3,"column":0},"end":{"line":3,"column":46}},"2":{"start":{"line":7,"column":27},"end":{"line":18,"column":1}},"3":{"start":{"line":9,"column":4},"end":{"line":17,"column":5}},"4":{"start":{"line":10,"column":25},"end":{"line":12,"column":10}},"5":{"start":{"line":13,"column":8},"end":{"line":13,"column":37}},"6":{"start":{"line":15,"column":8},"end":{"line":15,"column":92}},"7":{"start":{"line":7,"column":13},"end":{"line":7,"column":27}},"8":{"start":{"line":20,"column":30},"end":{"line":40,"column":1}},"9":{"start":{"line":21,"column":2},"end":{"line":39,"column":3}},"10":{"start":{"line":22,"column":19},"end":{"line":22,"column":29}},"11":{"start":{"line":24,"column":20},"end":{"line":24,"column":46}},"12":{"start":{"line":26,"column":4},"end":{"line":31,"column":5}},"13":{"start":{"line":27,"column":6},"end":{"line":29,"column":9}},"14":{"start":{"line":30,"column":6},"end":{"line":30,"column":13}},"15":{"start":{"line":34,"column":4},"end":{"line":34,"column":null}},"16":{"start":{"line":36,"column":4},"end":{"line":38,"column":6}},"17":{"start":{"line":20,"column":13},"end":{"line":20,"column":30}},"18":{"start":{"line":42,"column":29},"end":{"line":51,"column":1}},"19":{"start":{"line":44,"column":4},"end":{"line":50,"column":5}},"20":{"start":{"line":45,"column":24},"end":{"line":45,"column":54}},"21":{"start":{"line":46,"column":8},"end":{"line":46,"column":48}},"22":{"start":{"line":48,"column":8},"end":{"line":48,"column":93}},"23":{"start":{"line":42,"column":13},"end":{"line":42,"column":29}},"24":{"start":{"line":53,"column":29},"end":{"line":74,"column":1}},"25":{"start":{"line":54,"column":2},"end":{"line":73,"column":3}},"26":{"start":{"line":55,"column":19},"end":{"line":55,"column":29}},"27":{"start":{"line":56,"column":20},"end":{"line":56,"column":46}},"28":{"start":{"line":58,"column":4},"end":{"line":63,"column":5}},"29":{"start":{"line":59,"column":6},"end":{"line":61,"column":9}},"30":{"start":{"line":62,"column":6},"end":{"line":62,"column":13}},"31":{"start":{"line":67,"column":4},"end":{"line":67,"column":35}},"32":{"start":{"line":68,"column":4},"end":{"line":68,"column":25}},"33":{"start":{"line":70,"column":4},"end":{"line":70,"column":32}},"34":{"start":{"line":72,"column":4},"end":{"line":72,"column":null}},"35":{"start":{"line":53,"column":13},"end":{"line":53,"column":29}},"36":{"start":{"line":76,"column":34},"end":{"line":97,"column":1}},"37":{"start":{"line":77,"column":2},"end":{"line":96,"column":3}},"38":{"start":{"line":78,"column":19},"end":{"line":78,"column":29}},"39":{"start":{"line":79,"column":20},"end":{"line":79,"column":46}},"40":{"start":{"line":81,"column":4},"end":{"line":86,"column":5}},"41":{"start":{"line":82,"column":6},"end":{"line":84,"column":9}},"42":{"start":{"line":85,"column":6},"end":{"line":85,"column":13}},"43":{"start":{"line":88,"column":4},"end":{"line":88,"column":75}},"44":{"start":{"line":89,"column":4},"end":{"line":89,"column":25}},"45":{"start":{"line":91,"column":4},"end":{"line":91,"column":32}},"46":{"start":{"line":93,"column":4},"end":{"line":95,"column":6}},"47":{"start":{"line":76,"column":13},"end":{"line":76,"column":34}},"48":{"start":{"line":99,"column":29},"end":{"line":116,"column":1}},"49":{"start":{"line":100,"column":2},"end":{"line":115,"column":3}},"50":{"start":{"line":101,"column":19},"end":{"line":101,"column":29}},"51":{"start":{"line":102,"column":20},"end":{"line":102,"column":46}},"52":{"start":{"line":104,"column":4},"end":{"line":108,"column":5}},"53":{"start":{"line":105,"column":6},"end":{"line":107,"column":null}},"54":{"start":{"line":110,"column":4},"end":{"line":110,"column":28}},"55":{"start":{"line":112,"column":4},"end":{"line":112,"column":53}},"56":{"start":{"line":114,"column":4},"end":{"line":114,"column":null}},"57":{"start":{"line":99,"column":13},"end":{"line":99,"column":29}}},"fnMap":{"0":{"name":"(anonymous_1)","decl":{"start":{"line":7,"column":27},"end":{"line":7,"column":32}},"loc":{"start":{"line":7,"column":65},"end":{"line":18,"column":1}}},"1":{"name":"(anonymous_2)","decl":{"start":{"line":20,"column":30},"end":{"line":20,"column":35}},"loc":{"start":{"line":20,"column":68},"end":{"line":40,"column":1}}},"2":{"name":"(anonymous_3)","decl":{"start":{"line":42,"column":29},"end":{"line":42,"column":34}},"loc":{"start":{"line":42,"column":67},"end":{"line":51,"column":1}}},"3":{"name":"(anonymous_4)","decl":{"start":{"line":53,"column":29},"end":{"line":53,"column":34}},"loc":{"start":{"line":53,"column":67},"end":{"line":74,"column":1}}},"4":{"name":"(anonymous_5)","decl":{"start":{"line":76,"column":34},"end":{"line":76,"column":39}},"loc":{"start":{"line":76,"column":72},"end":{"line":97,"column":1}}},"5":{"name":"(anonymous_6)","decl":{"start":{"line":99,"column":29},"end":{"line":99,"column":34}},"loc":{"start":{"line":99,"column":67},"end":{"line":116,"column":1}}}},"branchMap":{"0":{"loc":{"start":{"line":26,"column":4},"end":{"line":31,"column":5}},"type":"if","locations":[{"start":{"line":26,"column":4},"end":{"line":31,"column":5}}]},"1":{"loc":{"start":{"line":58,"column":4},"end":{"line":63,"column":5}},"type":"if","locations":[{"start":{"line":58,"column":4},"end":{"line":63,"column":5}}]},"2":{"loc":{"start":{"line":81,"column":4},"end":{"line":86,"column":5}},"type":"if","locations":[{"start":{"line":81,"column":4},"end":{"line":86,"column":5}}]},"3":{"loc":{"start":{"line":104,"column":4},"end":{"line":108,"column":5}},"type":"if","locations":[{"start":{"line":104,"column":4},"end":{"line":108,"column":5}}]}},"s":{"0":2,"1":2,"2":2,"3":2,"4":2,"5":2,"6":0,"7":2,"8":2,"9":2,"10":2,"11":2,"12":2,"13":1,"14":1,"15":1,"16":0,"17":2,"18":2,"19":2,"20":2,"21":2,"22":0,"23":2,"24":2,"25":0,"26":0,"27":0,"28":0,"29":0,"30":0,"31":0,"32":0,"33":0,"34":0,"35":2,"36":2,"37":2,"38":2,"39":2,"40":2,"41":1,"42":1,"43":1,"44":1,"45":1,"46":0,"47":2,"48":2,"49":2,"50":2,"51":2,"52":2,"53":1,"54":2,"55":1,"56":1,"57":2},"f":{"0":2,"1":2,"2":2,"3":0,"4":2,"5":2},"b":{"0":[1],"1":[0],"2":[1],"3":[1]}}
,"C:\\Users\\Alberto Gutierrez\\Documents\\programming\\courses\\rest_api_node_ts_server\\src\\middleware\\index.ts": {"path":"C:\\Users\\Alberto Gutierrez\\Documents\\programming\\courses\\rest_api_node_ts_server\\src\\middleware\\index.ts","statementMap":{"0":{"start":{"line":2,"column":0},"end":{"line":2,"column":53}},"1":{"start":{"line":4,"column":33},"end":{"line":15,"column":1}},"2":{"start":{"line":6,"column":17},"end":{"line":6,"column":38}},"3":{"start":{"line":7,"column":4},"end":{"line":12,"column":5}},"4":{"start":{"line":8,"column":6},"end":{"line":10,"column":9}},"5":{"start":{"line":11,"column":6},"end":{"line":11,"column":13}},"6":{"start":{"line":14,"column":4},"end":{"line":14,"column":11}},"7":{"start":{"line":4,"column":13},"end":{"line":4,"column":33}}},"fnMap":{"0":{"name":"(anonymous_0)","decl":{"start":{"line":4,"column":33},"end":{"line":4,"column":34}},"loc":{"start":{"line":4,"column":85},"end":{"line":15,"column":1}}}},"branchMap":{"0":{"loc":{"start":{"line":7,"column":4},"end":{"line":12,"column":5}},"type":"if","locations":[{"start":{"line":7,"column":4},"end":{"line":12,"column":5}}]}},"s":{"0":2,"1":2,"2":17,"3":17,"4":9,"5":9,"6":8,"7":2},"f":{"0":17},"b":{"0":[9]}}
,"C:\\Users\\Alberto Gutierrez\\Documents\\programming\\courses\\rest_api_node_ts_server\\src\\models\\Product.model.ts": {"path":"C:\\Users\\Alberto Gutierrez\\Documents\\programming\\courses\\rest_api_node_ts_server\\src\\models\\Product.model.ts","statementMap":{"0":{"start":{"line":1,"column":0},"end":{"line":1,"column":78}},"1":{"start":{"line":6,"column":0},"end":{"line":22,"column":null}},"2":{"start":{"line":10,"column":10},"end":{"line":10,"column":null}},"3":{"start":{"line":15,"column":10},"end":{"line":15,"column":null}},"4":{"start":{"line":21,"column":10},"end":{"line":21,"column":null}},"5":{"start":{"line":6,"column":6},"end":{"line":22,"column":null}},"6":{"start":{"line":24,"column":0},"end":{"line":24,"column":23}}},"fnMap":{},"branchMap":{},"s":{"0":3,"1":3,"2":3,"3":3,"4":3,"5":3,"6":3},"f":{},"b":{}}
}
