TN:
SF:src\router.ts
FN:29,(anonymous_0)
FN:29,(anonymous_1)
FN:49,(anonymous_2)
FN:49,(anonymous_3)
FNF:4
FNH:2
FNDA:4,(anonymous_0)
FNDA:0,(anonymous_1)
FNDA:5,(anonymous_2)
FNDA:0,(anonymous_3)
DA:1,2
DA:2,2
DA:3,2
DA:4,2
DA:6,2
DA:9,2
DA:12,2
DA:22,2
DA:29,4
DA:38,2
DA:49,5
DA:61,2
DA:70,2
DA:79,2
LF:14
LH:14
BRF:0
BRH:0
end_of_record
TN:
SF:src\server.ts
FN:7,connect
FN:29,(anonymous_2)
FNF:2
FNH:2
FNDA:3,connect
FNDA:1,(anonymous_2)
DA:1,2
DA:2,2
DA:3,2
DA:4,2
DA:7,2
DA:8,3
DA:9,3
DA:10,2
DA:15,1
DA:19,2
DA:22,2
DA:25,2
DA:27,2
DA:29,2
DA:30,1
DA:33,2
LF:16
LH:16
BRF:0
BRH:0
end_of_record
TN:
SF:src\config\db.ts
FNF:0
FNH:0
DA:1,2
DA:2,2
DA:3,2
DA:5,2
DA:10,2
LF:5
LH:5
BRF:0
BRH:0
end_of_record
TN:
SF:src\handlers\product.ts
FN:7,(anonymous_1)
FN:20,(anonymous_2)
FN:42,(anonymous_3)
FN:53,(anonymous_4)
FN:76,(anonymous_5)
FN:99,(anonymous_6)
FNF:6
FNH:5
FNDA:2,(anonymous_1)
FNDA:2,(anonymous_2)
FNDA:2,(anonymous_3)
FNDA:0,(anonymous_4)
FNDA:2,(anonymous_5)
FNDA:2,(anonymous_6)
DA:2,2
DA:3,2
DA:7,2
DA:9,2
DA:10,2
DA:13,2
DA:15,0
DA:20,2
DA:21,2
DA:22,2
DA:24,2
DA:26,2
DA:27,1
DA:30,1
DA:34,1
DA:36,0
DA:42,2
DA:44,2
DA:45,2
DA:46,2
DA:48,0
DA:53,2
DA:54,0
DA:55,0
DA:56,0
DA:58,0
DA:59,0
DA:62,0
DA:67,0
DA:68,0
DA:70,0
DA:72,0
DA:76,2
DA:77,2
DA:78,2
DA:79,2
DA:81,2
DA:82,1
DA:85,1
DA:88,1
DA:89,1
DA:91,1
DA:93,0
DA:99,2
DA:100,2
DA:101,2
DA:102,2
DA:104,2
DA:105,1
DA:110,2
DA:112,1
DA:114,1
LF:52
LH:38
BRDA:26,0,0,1
BRDA:58,1,0,0
BRDA:81,2,0,1
BRDA:104,3,0,1
BRF:4
BRH:3
end_of_record
TN:
SF:src\middleware\index.ts
FN:4,(anonymous_0)
FNF:1
FNH:1
FNDA:17,(anonymous_0)
DA:2,2
DA:4,2
DA:6,17
DA:7,17
DA:8,9
DA:11,9
DA:14,8
LF:7
LH:7
BRDA:7,0,0,9
BRF:1
BRH:1
end_of_record
TN:
SF:src\models\Product.model.ts
FNF:0
FNH:0
DA:1,3
DA:6,3
DA:10,3
DA:15,3
DA:21,3
DA:24,3
LF:6
LH:6
BRF:0
BRH:0
end_of_record
